app/build/intermediates/manifest_merge_blame_file/release/manifest-merger-blame-release-report.txt
1<?xml version="1.0" encoding="utf-8"?>
2<manifest xmlns:android="http://schemas.android.com/apk/res/android"
3    package="kamran.khan.airlines"
4    android:versionCode="1"
5    android:versionName="1.0" >
6
7    <uses-sdk
8        android:minSdkVersion="21"
8-->src\main\AndroidManifest.xml
9        android:targetSdkVersion="30" />
9-->src\main\AndroidManifest.xml
10
11    <uses-permission android:name="android.permission.INTERNET" />
11-->src\main\AndroidManifest.xml:4:5-67
11-->src\main\AndroidManifest.xml:4:22-64
12    <uses-permission android:name="android.permission.ACCESS_FINE_LOCATION" />
12-->src\main\AndroidManifest.xml:5:5-79
12-->src\main\AndroidManifest.xml:5:22-76
13    <uses-permission android:name="android.permission.ACCESS_COARSE_LOCATION" />
13-->src\main\AndroidManifest.xml:6:5-81
13-->src\main\AndroidManifest.xml:6:22-78
14
15    <application
15-->src\main\AndroidManifest.xml:8:5-35:19
16        android:allowBackup="true"
16-->src\main\AndroidManifest.xml:9:9-35
17        android:appComponentFactory="androidx.core.app.CoreComponentFactory"
17-->[androidx.core:core:1.3.1] AndroidManifest.xml:24:18-86
18        android:icon="@mipmap/ic_launcher"
18-->src\main\AndroidManifest.xml:10:9-43
19        android:label="@string/app_name"
19-->src\main\AndroidManifest.xml:11:9-41
20        android:roundIcon="@mipmap/ic_launcher_round"
20-->src\main\AndroidManifest.xml:12:9-54
21        android:supportsRtl="true"
21-->src\main\AndroidManifest.xml:13:9-35
22        android:theme="@style/AppTheme" >
22-->src\main\AndroidManifest.xml:14:9-40
23        <meta-data
23-->src\main\AndroidManifest.xml:16:9-17:46
24            android:name="com.google.android.geo.API_KEY"
24-->src\main\AndroidManifest.xml:16:20-65
25            android:value="@string/map_key" />
25-->src\main\AndroidManifest.xml:17:13-44
26
27        <activity android:name="kamran.khan.airlines.GoogleMap" />
27-->src\main\AndroidManifest.xml:19:9-47
27-->src\main\AndroidManifest.xml:19:19-44
28        <activity android:name="kamran.khan.airlines.hotel" />
28-->src\main\AndroidManifest.xml:21:9-43
28-->src\main\AndroidManifest.xml:21:19-40
29        <activity android:name="kamran.khan.airlines.splach_screen" >
29-->src\main\AndroidManifest.xml:22:9-28:20
29-->src\main\AndroidManifest.xml:22:19-48
30            <intent-filter>
30-->src\main\AndroidManifest.xml:23:13-27:29
31                <action android:name="android.intent.action.MAIN" />
31-->src\main\AndroidManifest.xml:24:17-69
31-->src\main\AndroidManifest.xml:24:25-66
32
33                <category android:name="android.intent.category.LAUNCHER" />
33-->src\main\AndroidManifest.xml:26:17-77
33-->src\main\AndroidManifest.xml:26:27-74
34            </intent-filter>
35        </activity>
36        <activity android:name="kamran.khan.airlines.Airline" />
36-->src\main\AndroidManifest.xml:29:9-45
36-->src\main\AndroidManifest.xml:29:19-42
37        <activity android:name="kamran.khan.airlines.Emirates" />
37-->src\main\AndroidManifest.xml:30:9-46
37-->src\main\AndroidManifest.xml:30:19-43
38        <activity android:name="kamran.khan.airlines.PIA" />
38-->src\main\AndroidManifest.xml:31:9-41
38-->src\main\AndroidManifest.xml:31:19-38
39        <activity android:name="kamran.khan.airlines.CurrencyCunverter" />
39-->src\main\AndroidManifest.xml:32:9-55
39-->src\main\AndroidManifest.xml:32:19-52
40        <activity android:name="kamran.khan.airlines.OmanAirline" />
40-->src\main\AndroidManifest.xml:33:9-49
40-->src\main\AndroidManifest.xml:33:19-46
41        <activity android:name="kamran.khan.airlines.MainActivity" />
41-->src\main\AndroidManifest.xml:34:9-50
41-->src\main\AndroidManifest.xml:34:19-47
42    </application>
43
44</manifest>